[debug] [2025-03-23T13:50:14.668Z] ----------------------------------------------------------------------
[debug] [2025-03-23T13:50:14.670Z] Command:       C:\nvm4w\nodejs\node.exe C:\nvm4w\nodejs\node_modules\firebase-tools\lib\bin\firebase.js init
[debug] [2025-03-23T13:50:14.671Z] CLI Version:   13.35.1
[debug] [2025-03-23T13:50:14.671Z] Platform:      win32
[debug] [2025-03-23T13:50:14.671Z] Node Version:  v18.18.0
[debug] [2025-03-23T13:50:14.677Z] Time:          Sun Mar 23 2025 21:50:14 GMT+0800 (Malaysia Time)
[debug] [2025-03-23T13:50:14.677Z] ----------------------------------------------------------------------
[debug] 
[debug] [2025-03-23T13:50:14.697Z] > command requires scopes: ["email","openid","https://www.googleapis.com/auth/cloudplatformprojects.readonly","https://www.googleapis.com/auth/firebase","https://www.googleapis.com/auth/cloud-platform"]
[debug] [2025-03-23T13:50:14.698Z] > authorizing via signed-in user (yeezongze@gmail.com)
[info] 
     ######## #### ########  ######## ########     ###     ######  ########
     ##        ##  ##     ## ##       ##     ##  ##   ##  ##       ##
     ######    ##  ########  ######   ########  #########  ######  ######
     ##        ##  ##    ##  ##       ##     ## ##     ##       ## ##
     ##       #### ##     ## ######## ########  ##     ##  ######  ########

You're about to initialize a Firebase project in this directory:

  C:\Users\User\Desktop\Cloud_Coursework\recipe-frontend

[info] 
=== Project Setup
[info] 
[info] First, let's associate this project directory with a Firebase project.
[info] You can create multiple project aliases by running firebase use --add, 
[info] but for now we'll just set up a default project.
[info] 
[debug] [2025-03-23T13:52:21.371Z] Checked if tokens are valid: true, expires at: 1742739011247
[debug] [2025-03-23T13:52:21.372Z] Checked if tokens are valid: true, expires at: 1742739011247
[debug] [2025-03-23T13:52:21.373Z] >>> [apiv2][query] GET https://firebase.googleapis.com/v1beta1/projects pageSize=100
[debug] [2025-03-23T13:52:22.044Z] <<< [apiv2][status] GET https://firebase.googleapis.com/v1beta1/projects 200
[debug] [2025-03-23T13:52:22.044Z] <<< [apiv2][body] GET https://firebase.googleapis.com/v1beta1/projects [omitted]
[info] i  Using project cloud-recipe-coursework (cloud-recipe-coursework) 
[info] 
=== Hosting Setup
[debug] [2025-03-23T13:52:22.934Z] Checked if tokens are valid: true, expires at: 1742739011247
[debug] [2025-03-23T13:52:22.934Z] Checked if tokens are valid: true, expires at: 1742739011247
[debug] [2025-03-23T13:52:22.934Z] >>> [apiv2][query] GET https://firebase.googleapis.com/v1beta1/projects/cloud-recipe-coursework [none]
[debug] [2025-03-23T13:52:23.328Z] <<< [apiv2][status] GET https://firebase.googleapis.com/v1beta1/projects/cloud-recipe-coursework 200
[debug] [2025-03-23T13:52:23.328Z] <<< [apiv2][body] GET https://firebase.googleapis.com/v1beta1/projects/cloud-recipe-coursework {"projectId":"cloud-recipe-coursework","projectNumber":"18883135010","displayName":"cloud-recipe-coursework","name":"projects/cloud-recipe-coursework","resources":{"hostingSite":"cloud-recipe-coursework"},"state":"ACTIVE","etag":"1_98d02e07-7721-4073-97e7-90afff796183"}
[info] 
[info] Your public directory is the folder (relative to your project directory) that
[info] will contain Hosting assets to be uploaded with firebase deploy. If you
[info] have a build process for your assets, use your build's output directory.
[info] 
[debug] [2025-03-23T13:53:40.969Z] >>> [apiv2][query] GET https://www.gstatic.com/firebasejs/releases.json [none]
[debug] [2025-03-23T13:53:41.027Z] <<< [apiv2][status] GET https://www.gstatic.com/firebasejs/releases.json 200
[debug] [2025-03-23T13:53:41.027Z] <<< [apiv2][body] GET https://www.gstatic.com/firebasejs/releases.json {"current":{"version":"11.5.0","browserURL":"https://www.gstatic.com/firebasejs/11.5.0/firebase.js","packageURL":"https://www.gstatic.com/firebasejs/11.5.0/firebase.tgz"},"live":{"version":"11.5","browserURL":"https://www.gstatic.com/firebasejs/live/11.5/firebase.js","packageURL":"https://www.gstatic.com/firebasejs/live/11.5/firebase.tgz"},"components":{"analytics":"https://www.gstatic.com/firebasejs/11.5.0/firebase-analytics.js","app":"https://www.gstatic.com/firebasejs/11.5.0/firebase-app.js","app-check":"https://www.gstatic.com/firebasejs/11.5.0/firebase-app-check.js","auth":"https://www.gstatic.com/firebasejs/11.5.0/firebase-auth.js","auth/cordova":"https://www.gstatic.com/firebasejs/11.5.0/firebase-auth/cordova.js","auth/web-extension":"https://www.gstatic.com/firebasejs/11.5.0/firebase-auth/web-extension.js","functions":"https://www.gstatic.com/firebasejs/11.5.0/firebase-functions.js","firestore":"https://www.gstatic.com/firebasejs/11.5.0/firebase-firestore.js","firestore/lite":"https://www.gstatic.com/firebasejs/11.5.0/firebase-firestore/lite.js","installations":"https://www.gstatic.com/firebasejs/11.5.0/firebase-installations.js","storage":"https://www.gstatic.com/firebasejs/11.5.0/firebase-storage.js","performance":"https://www.gstatic.com/firebasejs/11.5.0/firebase-performance.js","remote-config":"https://www.gstatic.com/firebasejs/11.5.0/firebase-remote-config.js","messaging":"https://www.gstatic.com/firebasejs/11.5.0/firebase-messaging.js","messaging/sw":"https://www.gstatic.com/firebasejs/11.5.0/firebase-messaging/sw.js","database":"https://www.gstatic.com/firebasejs/11.5.0/firebase-database.js","vertexai":"https://www.gstatic.com/firebasejs/11.5.0/firebase-vertexai.js","data-connect":"https://www.gstatic.com/firebasejs/11.5.0/firebase-data-connect.js","firestore.memory":"https://www.gstatic.com/firebasejs/11.5.0/firebase-firestore.memory.js"}}
[info] +  Wrote out/index.html 
[info] 
[info] i  Detected a .git folder at C:\Users\User\Desktop\Cloud_Coursework\recipe-frontend 
[info] i  Authorizing with GitHub to upload your service account to a GitHub repository's secrets store. 
[info] 
[info] Visit this URL on this device to log in:
[info] https://github.com/login/oauth/authorize?client_id=89cf50f02ac6aaed3484&state=742069298&redirect_uri=http%3A%2F%2Flocalhost%3A9005&scope=read%3Auser%20repo%20public_repo
[info] 
[info] Waiting for authentication...
[debug] [2025-03-23T13:53:41.955Z] >>> [apiv2][query] POST https://github.com/login/oauth/access_token [none]
[debug] [2025-03-23T13:53:41.955Z] >>> [apiv2][body] POST https://github.com/login/oauth/access_token [stream]
[debug] [2025-03-23T13:53:42.327Z] <<< [apiv2][status] POST https://github.com/login/oauth/access_token 200
[debug] [2025-03-23T13:53:42.327Z] <<< [apiv2][body] POST https://github.com/login/oauth/access_token {"access_token":"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","token_type":"bearer","scope":"read:user,repo"}
[debug] [2025-03-23T13:53:42.332Z] >>> [apiv2][query] GET https://api.github.com/user [none]
[debug] [2025-03-23T13:53:42.740Z] <<< [apiv2][status] GET https://api.github.com/user 200
[debug] [2025-03-23T13:53:42.740Z] <<< [apiv2][body] GET https://api.github.com/user {"login":"Louise-Yee","id":87145850,"node_id":"MDQ6VXNlcjg3MTQ1ODUw","avatar_url":"https://avatars.githubusercontent.com/u/87145850?v=4","gravatar_id":"","url":"https://api.github.com/users/Louise-Yee","html_url":"https://github.com/Louise-Yee","followers_url":"https://api.github.com/users/Louise-Yee/followers","following_url":"https://api.github.com/users/Louise-Yee/following{/other_user}","gists_url":"https://api.github.com/users/Louise-Yee/gists{/gist_id}","starred_url":"https://api.github.com/users/Louise-Yee/starred{/owner}{/repo}","subscriptions_url":"https://api.github.com/users/Louise-Yee/subscriptions","organizations_url":"https://api.github.com/users/Louise-Yee/orgs","repos_url":"https://api.github.com/users/Louise-Yee/repos","events_url":"https://api.github.com/users/Louise-Yee/events{/privacy}","received_events_url":"https://api.github.com/users/Louise-Yee/received_events","type":"User","user_view_type":"private","site_admin":false,"name":null,"company":null,"blog":"","location":null,"email":null,"hireable":null,"bio":null,"twitter_username":null,"notification_email":null,"public_repos":4,"public_gists":0,"followers":0,"following":0,"created_at":"2021-07-08T17:56:32Z","updated_at":"2025-02-25T03:51:31Z","private_gists":0,"total_private_repos":6,"owned_private_repos":6,"disk_usage":285665,"collaborators":0,"two_factor_authentication":false,"plan":{"name":"free","space":976562499,"collaborators":0,"private_repos":10000}}
[info] 
[info] +  Success! Logged into GitHub as Louise-Yee 
[info] 
